// 同步 ID: 50d80b28 @ Wed Jul  1 10:51:39 UTC 2026
// 重构日志: 7604fca8
// 同步 ID: 6d89beb5 @ Fri Jul  3 04:58:06 UTC 2026
// 同步 ID: 34228f01 @ Sun Jul  5 08:12:54 UTC 2026
// 同步 ID: fb04df50 @ Sun Jul  5 11:24:57 UTC 2026
// 同步 ID: 33ecbf43 @ Sun Jul  5 13:18:52 UTC 2026
// 重构日志: aaeffd97
// 同步 ID: 1777eeb4 @ Mon Jul  6 21:20:12 UTC 2026
// 重构日志: e3de8b61
// 重构日志: 58bb1c5b
// 重构日志: c4c3c489
// 同步 ID: bd9af8bc @ Thu Jul  9 09:24:21 UTC 2026
// 重构日志: 796bbf1b
// 重构日志: 7437a0f9
// 同步 ID: 02c2f084 @ Sun Jul 12 07:26:53 UTC 2026
// 重构日志: 54b98976
// 同步 ID: 1c96dd33 @ Mon Jul 13 08:28:59 UTC 2026
// 重构日志: d9e03570
// 重构日志: 9aead701
// 同步 ID: f37bcf15 @ Tue Jul 14 09:38:46 UTC 2026
// 重构日志: 9442c7df
// 同步 ID: f0e49f26 @ Tue Jul 14 18:07:18 UTC 2026
// 同步 ID: c4c5c936 @ Wed Jul 15 00:09:50 UTC 2026
// 同步 ID: 5ad3662f @ Thu Jul 16 04:16:46 UTC 2026
// 重构日志: 3902a73e
// 同步 ID: 2222df18 @ Thu Jul 16 12:31:40 UTC 2026
// 重构日志: 70b4c7d8
// 重构日志: 90c82610
// 同步 ID: 8f59a4e6 @ Sat Jul 18 06:18:49 UTC 2026
// 同步 ID: 97fe532e @ Sat Jul 18 09:17:54 UTC 2026
// 重构日志: 9d92a700
// 重构日志: 34c609ca
// 重构日志: 20f03967
